#
# A fatal error has been detected by the Java Runtime Environment:
#
#  EXCEPTION_ACCESS_VIOLATION (0xc0000005) at pc=0x0000000069ea0fb0, pid=13136, tid=6764
#
# JRE version: 7.0_21-b11
# Java VM: Java HotSpot(TM) 64-Bit Server VM (23.21-b01 mixed mode windows-amd64 compressed oops)
# Problematic frame:
# V  [jvm.dll+0x80fb0]
#
# Failed to write core dump. Minidumps are not enabled by default on client versions of Windows
#
# If you would like to submit a bug report, please visit:
#   http://bugreport.sun.com/bugreport/crash.jsp
#

---------------  T H R E A D  ---------------

Current thread (0x000000000d242800):  JavaThread "Thread-6" [_thread_in_vm, id=6764, stack(0x0000000011570000,0x0000000011670000)]

siginfo: ExceptionCode=0xc0000005, reading address 0x00000000000002a4

Registers:
RAX=0x000000000b17def8, RBX=0x000000000b17def0, RCX=0x0000000000000278, RDX=0x000000000b17ded0
RSP=0x000000001166edf0, RBP=0x0000000000000008, RSI=0x000000000d2419d0, RDI=0x0000000000000000
R8 =0x000000000b17dec8, R9 =0x000000000b17de70, R10=0x000000000000000c, R11=0x000000001166eec8
R12=0x000000000d242800, R13=0x0000000000000278, R14=0x0000000000000001, R15=0x000000001166f010
RIP=0x0000000069ea0fb0, EFLAGS=0x0000000000010202

Top of Stack: (sp=0x000000001166edf0)
0x000000001166edf0:   000078908677b612 000000000b17deb0
0x000000001166ee00:   000000001166ef70 0000000069fec78f
0x000000001166ee10:   0000000000000000 0000000069fec78f
0x000000001166ee20:   000078908677b7d2 0000000000000130
0x000000001166ee30:   000000000d242800 00000000bb20b240
0x000000001166ee40:   000000000b17deb8 000000000d2419d0
0x000000001166ee50:   0000000002577890 0000000008ffd400
0x000000001166ee60:   000000001166f010 0000000069ea1bda
0x000000001166ee70:   000000000d242800 000000000b17ded0
0x000000001166ee80:   000000000b17deb8 000000000b17dea0
0x000000001166ee90:   000000000b17dec8 0000000069ed2101
0x000000001166eea0:   000000000d242800 000000000d242800
0x000000001166eeb0:   000000000b17ded0 0000000000000000
0x000000001166eec0:   000000000b17dec0 0000000069ea2fae
0x000000001166eed0:   000000000b17dec8 000000000b17de70
0x000000001166eee0:   000000000b17dec8 000000000b17deb8 

Instructions: (pc=0x0000000069ea0fb0)
0x0000000069ea0f90:   9f 00 00 48 89 6e 08 4c 89 6e 10 4c 89 76 18 e9
0x0000000069ea0fa0:   d7 00 00 00 45 84 f6 0f 84 ad 00 00 00 48 8b 0b
0x0000000069ea0fb0:   8b 41 2c c1 e8 0a a8 01 0f 84 9c 00 00 00 49 8b
0x0000000069ea0fc0:   b4 24 08 01 00 00 48 8b 41 10 48 8b 49 18 0f b7 


Register to memory mapping:

RAX=0x000000000b17def8 is an unknown value
RBX=0x000000000b17def0 is an unknown value
RCX=0x0000000000000278 is an unknown value
RDX=0x000000000b17ded0 is an unknown value
RSP=0x000000001166edf0 is pointing into the stack for thread: 0x000000000d242800
RBP=0x0000000000000008 is an unknown value
RSI=0x000000000d2419d0 is an unknown value
RDI=0x0000000000000000 is an unknown value
R8 =0x000000000b17dec8 is an unknown value
R9 =0x000000000b17de70 is an unknown value
R10=0x000000000000000c is an unknown value
R11=0x000000001166eec8 is pointing into the stack for thread: 0x000000000d242800
R12=0x000000000d242800 is a thread
R13=0x0000000000000278 is an unknown value
R14=0x0000000000000001 is an unknown value
R15=0x000000001166f010 is pointing into the stack for thread: 0x000000000d242800


Stack: [0x0000000011570000,0x0000000011670000],  sp=0x000000001166edf0,  free space=1019k
Native frames: (J=compiled Java code, j=interpreted, Vv=VM code, C=native code)
V  [jvm.dll+0x80fb0]

[error occurred during error reporting (printing native stack), id 0xc0000005]

Java frames: (J=compiled Java code, j=interpreted, Vv=VM code)
j  com.xl.display.genomeviewer.GenomeViewer.<init>(Lcom/xl/datatypes/genome/Genome;Lcom/xl/main/REDApplication;)V+177
j  com.xl.main.REDApplication.addNewLoadedGenome(Lcom/xl/datatypes/genome/Genome;)V+148
j  com.xl.main.REDApplication.progressComplete(Ljava/lang/String;Ljava/lang/Object;)V+20
j  com.xl.annotationparsers.IGVGenomeParser.progressComplete(Ljava/lang/String;Ljava/lang/Object;)V+22
j  com.xl.annotationparsers.IGVGenomeParser.run()V+542
j  java.lang.Thread.run()V+11
v  ~StubRoutines::call_stub

---------------  P R O C E S S  ---------------

Java Threads: ( => current thread )
  0x000000000ddc2800 JavaThread "Keep-Alive-Timer" daemon [_thread_blocked, id=11776, stack(0x00000000123e0000,0x00000000124e0000)]
=>0x000000000d242800 JavaThread "Thread-6" [_thread_in_vm, id=6764, stack(0x0000000011570000,0x0000000011670000)]
  0x0000000009178800 JavaThread "TimerQueue" daemon [_thread_blocked, id=6488, stack(0x000000000f340000,0x000000000f440000)]
  0x000000000deef800 JavaThread "D3D Screen Updater" daemon [_thread_blocked, id=7240, stack(0x000000000b5b0000,0x000000000b6b0000)]
  0x00000000026dd000 JavaThread "DestroyJavaVM" [_thread_blocked, id=11656, stack(0x00000000028a0000,0x00000000029a0000)]
  0x000000000d300800 JavaThread "Thread-2" [_thread_blocked, id=9000, stack(0x000000000f470000,0x000000000f570000)]
  0x000000000d7db000 JavaThread "AWT-EventQueue-0" [_thread_blocked, id=12100, stack(0x000000000ed10000,0x000000000ee10000)]
  0x000000000b050000 JavaThread "AWT-Windows" daemon [_thread_in_native, id=12792, stack(0x000000000b390000,0x000000000b490000)]
  0x000000000b04f800 JavaThread "AWT-Shutdown" [_thread_blocked, id=4352, stack(0x000000000b290000,0x000000000b390000)]
  0x000000000afaf800 JavaThread "Java2D Disposer" daemon [_thread_blocked, id=11320, stack(0x000000000aa80000,0x000000000ab80000)]
  0x0000000009163800 JavaThread "Service Thread" daemon [_thread_blocked, id=11448, stack(0x000000000aba0000,0x000000000aca0000)]
  0x0000000009162800 JavaThread "C2 CompilerThread1" daemon [_thread_blocked, id=1084, stack(0x000000000a980000,0x000000000aa80000)]
  0x000000000914a800 JavaThread "C2 CompilerThread0" daemon [_thread_blocked, id=9552, stack(0x000000000a720000,0x000000000a820000)]
  0x0000000009149000 JavaThread "Attach Listener" daemon [_thread_blocked, id=11352, stack(0x000000000a480000,0x000000000a580000)]
  0x0000000009142000 JavaThread "Signal Dispatcher" daemon [_thread_blocked, id=11204, stack(0x000000000a580000,0x000000000a680000)]
  0x00000000025e5000 JavaThread "Finalizer" daemon [_thread_blocked, id=5592, stack(0x000000000a320000,0x000000000a420000)]
  0x00000000025de000 JavaThread "Reference Handler" daemon [_thread_blocked, id=8592, stack(0x000000000a140000,0x000000000a240000)]

Other Threads:
  0x00000000090a2800 VMThread [stack: 0x0000000009f60000,0x000000000a060000] [id=11708]
  0x000000000917c000 WatcherThread [stack: 0x000000000ad50000,0x000000000ae50000] [id=11488]

VM state:not at safepoint (normal execution)

VM Mutex/Monitor currently owned by a thread: None

Heap
 PSYoungGen      total 71296K, used 50690K [0x00000000eac00000, 0x00000000ef8a0000, 0x0000000100000000)
  eden space 65088K, 77% used [0x00000000eac00000,0x00000000edd6ca90,0x00000000eeb90000)
  from space 6208K, 1% used [0x00000000ef1f0000,0x00000000ef204010,0x00000000ef800000)
  to   space 6528K, 0% used [0x00000000eeb90000,0x00000000eeb90000,0x00000000ef1f0000)
 ParOldGen       total 43520K, used 9276K [0x00000000c0400000, 0x00000000c2e80000, 0x00000000eac00000)
  object space 43520K, 21% used [0x00000000c0400000,0x00000000c0d0f370,0x00000000c2e80000)
 PSPermGen       total 21248K, used 14572K [0x00000000bb200000, 0x00000000bc6c0000, 0x00000000c0400000)
  object space 21248K, 68% used [0x00000000bb200000,0x00000000bc03b228,0x00000000bc6c0000)

Card table byte_map: [0x00000000059a0000,0x0000000005bd0000] byte_map_base: 0x00000000053c7000

Polling page: 0x0000000000220000

Code Cache  [0x00000000029a0000, 0x0000000002c10000, 0x00000000059a0000)
 total_blobs=764 nmethods=291 adapters=424 free_code_cache=47858Kb largest_free_block=48960384

Compilation events (10 events):
Event: 66.832 Thread 0x000000000914a800 nmethod 286 0x0000000002acb350 code [0x0000000002acb4a0, 0x0000000002acb5d8]
Event: 66.832 Thread 0x000000000914a800  288             java.lang.Character::charValue (5 bytes)
Event: 66.832 Thread 0x000000000914a800 nmethod 288 0x0000000002ac8050 code [0x0000000002ac8180, 0x0000000002ac81d8]
Event: 66.832 Thread 0x000000000914a800  289             java.util.HashMap::containsKey (14 bytes)
Event: 66.833 Thread 0x0000000009162800 nmethod 287 0x0000000002acb010 code [0x0000000002acb160, 0x0000000002acb248]
Event: 66.833 Thread 0x0000000009162800  290             java.util.HashSet::contains (9 bytes)
Event: 66.836 Thread 0x000000000914a800 nmethod 289 0x0000000002adf210 code [0x0000000002adf380, 0x0000000002adf6c8]
Event: 66.836 Thread 0x0000000009162800 nmethod 290 0x0000000002a5cd50 code [0x0000000002a5cec0, 0x0000000002a5d248]
Event: 66.836 Thread 0x0000000009162800   13 %           com.xl.datatypes.genome.Genome::getStandardChromosomes @ 24 (85 bytes)
Event: 66.848 Thread 0x0000000009162800 nmethod 13% 0x0000000002ae45d0 code [0x0000000002ae4780, 0x0000000002ae4ec8]

GC Heap History (10 events):
Event: 66.348 GC heap before
{Heap before GC invocations=4 (full 0):
 PSYoungGen      total 19072K, used 19053K [0x00000000eac00000, 0x00000000ec140000, 0x0000000100000000)
  eden space 16384K, 100% used [0x00000000eac00000,0x00000000ebc00000,0x00000000ebc00000)
  from space 2688K, 99% used [0x00000000ebc00000,0x00000000ebe9b720,0x00000000ebea0000)
  to   space 2688K, 0% used [0x00000000ebea0000,0x00000000ebea0000,0x00000000ec140000)
 ParOldGen       total 43520K, used 3592K [0x00000000c0400000, 0x00000000c2e80000, 0x00000000eac00000)
  object space 43520K, 8% used [0x00000000c0400000,0x00000000c07820a0,0x00000000c2e80000)
 PSPermGen       total 21248K, used 14445K [0x00000000bb200000, 0x00000000bc6c0000, 0x00000000c0400000)
  object space 21248K, 67% used [0x00000000bb200000,0x00000000bc01b578,0x00000000bc6c0000)
Event: 66.361 GC heap after
Heap after GC invocations=4 (full 0):
 PSYoungGen      total 19072K, used 2669K [0x00000000eac00000, 0x00000000ec140000, 0x0000000100000000)
  eden space 16384K, 0% used [0x00000000eac00000,0x00000000eac00000,0x00000000ebc00000)
  from space 2688K, 99% used [0x00000000ebea0000,0x00000000ec13b720,0x00000000ec140000)
  to   space 2688K, 0% used [0x00000000ebc00000,0x00000000ebc00000,0x00000000ebea0000)
 ParOldGen       total 43520K, used 6570K [0x00000000c0400000, 0x00000000c2e80000, 0x00000000eac00000)
  object space 43520K, 15% used [0x00000000c0400000,0x00000000c0a6abe0,0x00000000c2e80000)
 PSPermGen       total 21248K, used 14445K [0x00000000bb200000, 0x00000000bc6c0000, 0x00000000c0400000)
  object space 21248K, 67% used [0x00000000bb200000,0x00000000bc01b578,0x00000000bc6c0000)
}
Event: 66.431 GC heap before
{Heap before GC invocations=5 (full 0):
 PSYoungGen      total 19072K, used 19053K [0x00000000eac00000, 0x00000000ec140000, 0x0000000100000000)
  eden space 16384K, 100% used [0x00000000eac00000,0x00000000ebc00000,0x00000000ebc00000)
  from space 2688K, 99% used [0x00000000ebea0000,0x00000000ec13b720,0x00000000ec140000)
  to   space 2688K, 0% used [0x00000000ebc00000,0x00000000ebc00000,0x00000000ebea0000)
 ParOldGen       total 43520K, used 6570K [0x00000000c0400000, 0x00000000c2e80000, 0x00000000eac00000)
  object space 43520K, 15% used [0x00000000c0400000,0x00000000c0a6abe0,0x00000000c2e80000)
 PSPermGen       total 21248K, used 14455K [0x00000000bb200000, 0x00000000bc6c0000, 0x00000000c0400000)
  object space 21248K, 68% used [0x00000000bb200000,0x00000000bc01dd98,0x00000000bc6c0000)
Event: 66.438 GC heap after
Heap after GC invocations=5 (full 0):
 PSYoungGen      total 19072K, used 2685K [0x00000000eac00000, 0x00000000ed780000, 0x0000000100000000)
  eden space 16384K, 0% used [0x00000000eac00000,0x00000000eac00000,0x00000000ebc00000)
  from space 2688K, 99% used [0x00000000ebc00000,0x00000000ebe9f710,0x00000000ebea0000)
  to   space 5888K, 0% used [0x00000000ed1c0000,0x00000000ed1c0000,0x00000000ed780000)
 ParOldGen       total 43520K, used 6578K [0x00000000c0400000, 0x00000000c2e80000, 0x00000000eac00000)
  object space 43520K, 15% used [0x00000000c0400000,0x00000000c0a6cbe0,0x00000000c2e80000)
 PSPermGen       total 21248K, used 14455K [0x00000000bb200000, 0x00000000bc6c0000, 0x00000000c0400000)
  object space 21248K, 68% used [0x00000000bb200000,0x00000000bc01dd98,0x00000000bc6c0000)
}
Event: 66.478 GC heap before
{Heap before GC invocations=6 (full 0):
 PSYoungGen      total 19072K, used 19069K [0x00000000eac00000, 0x00000000ed780000, 0x0000000100000000)
  eden space 16384K, 100% used [0x00000000eac00000,0x00000000ebc00000,0x00000000ebc00000)
  from space 2688K, 99% used [0x00000000ebc00000,0x00000000ebe9f710,0x00000000ebea0000)
  to   space 5888K, 0% used [0x00000000ed1c0000,0x00000000ed1c0000,0x00000000ed780000)
 ParOldGen       total 43520K, used 6578K [0x00000000c0400000, 0x00000000c2e80000, 0x00000000eac00000)
  object space 43520K, 15% used [0x00000000c0400000,0x00000000c0a6cbe0,0x00000000c2e80000)
 PSPermGen       total 21248K, used 14457K [0x00000000bb200000, 0x00000000bc6c0000, 0x00000000c0400000)
  object space 21248K, 68% used [0x00000000bb200000,0x00000000bc01e680,0x00000000bc6c0000)
Event: 66.484 GC heap after
Heap after GC invocations=6 (full 0):
 PSYoungGen      total 38592K, used 2733K [0x00000000eac00000, 0x00000000ed7a0000, 0x0000000100000000)
  eden space 32704K, 0% used [0x00000000eac00000,0x00000000eac00000,0x00000000ecbf0000)
  from space 5888K, 46% used [0x00000000ed1c0000,0x00000000ed46b720,0x00000000ed780000)
  to   space 5952K, 0% used [0x00000000ecbf0000,0x00000000ecbf0000,0x00000000ed1c0000)
 ParOldGen       total 43520K, used 6578K [0x00000000c0400000, 0x00000000c2e80000, 0x00000000eac00000)
  object space 43520K, 15% used [0x00000000c0400000,0x00000000c0a6cbe0,0x00000000c2e80000)
 PSPermGen       total 21248K, used 14457K [0x00000000bb200000, 0x00000000bc6c0000, 0x00000000c0400000)
  object space 21248K, 68% used [0x00000000bb200000,0x00000000bc01e680,0x00000000bc6c0000)
}
Event: 66.581 GC heap before
{Heap before GC invocations=7 (full 0):
 PSYoungGen      total 38592K, used 35437K [0x00000000eac00000, 0x00000000ed7a0000, 0x0000000100000000)
  eden space 32704K, 100% used [0x00000000eac00000,0x00000000ecbf0000,0x00000000ecbf0000)
  from space 5888K, 46% used [0x00000000ed1c0000,0x00000000ed46b720,0x00000000ed780000)
  to   space 5952K, 0% used [0x00000000ecbf0000,0x00000000ecbf0000,0x00000000ed1c0000)
 ParOldGen       total 43520K, used 6578K [0x00000000c0400000, 0x00000000c2e80000, 0x00000000eac00000)
  object space 43520K, 15% used [0x00000000c0400000,0x00000000c0a6cbe0,0x00000000c2e80000)
 PSPermGen       total 21248K, used 14457K [0x00000000bb200000, 0x00000000bc6c0000, 0x00000000c0400000)
  object space 21248K, 68% used [0x00000000bb200000,0x00000000bc01e6c0,0x00000000bc6c0000)
Event: 66.589 GC heap after
Heap after GC invocations=7 (full 0):
 PSYoungGen      total 38656K, used 1024K [0x00000000eac00000, 0x00000000ef800000, 0x0000000100000000)
  eden space 32704K, 0% used [0x00000000eac00000,0x00000000eac00000,0x00000000ecbf0000)
  from space 5952K, 17% used [0x00000000ecbf0000,0x00000000eccf0010,0x00000000ed1c0000)
  to   space 6208K, 0% used [0x00000000ef1f0000,0x00000000ef1f0000,0x00000000ef800000)
 ParOldGen       total 43520K, used 8300K [0x00000000c0400000, 0x00000000c2e80000, 0x00000000eac00000)
  object space 43520K, 19% used [0x00000000c0400000,0x00000000c0c1b360,0x00000000c2e80000)
 PSPermGen       total 21248K, used 14457K [0x00000000bb200000, 0x00000000bc6c0000, 0x00000000c0400000)
  object space 21248K, 68% used [0x00000000bb200000,0x00000000bc01e6c0,0x00000000bc6c0000)
}
Event: 66.644 GC heap before
{Heap before GC invocations=8 (full 0):
 PSYoungGen      total 38656K, used 33728K [0x00000000eac00000, 0x00000000ef800000, 0x0000000100000000)
  eden space 32704K, 100% used [0x00000000eac00000,0x00000000ecbf0000,0x00000000ecbf0000)
  from space 5952K, 17% used [0x00000000ecbf0000,0x00000000eccf0010,0x00000000ed1c0000)
  to   space 6208K, 0% used [0x00000000ef1f0000,0x00000000ef1f0000,0x00000000ef800000)
 ParOldGen       total 43520K, used 8300K [0x00000000c0400000, 0x00000000c2e80000, 0x00000000eac00000)
  object space 43520K, 19% used [0x00000000c0400000,0x00000000c0c1b360,0x00000000c2e80000)
 PSPermGen       total 21248K, used 14457K [0x00000000bb200000, 0x00000000bc6c0000, 0x00000000c0400000)
  object space 21248K, 68% used [0x00000000bb200000,0x00000000bc01e6c0,0x00000000bc6c0000)
Event: 66.654 GC heap after
Heap after GC invocations=8 (full 0):
 PSYoungGen      total 71296K, used 80K [0x00000000eac00000, 0x00000000ef8a0000, 0x0000000100000000)
  eden space 65088K, 0% used [0x00000000eac00000,0x00000000eac00000,0x00000000eeb90000)
  from space 6208K, 1% used [0x00000000ef1f0000,0x00000000ef204010,0x00000000ef800000)
  to   space 6528K, 0% used [0x00000000eeb90000,0x00000000eeb90000,0x00000000ef1f0000)
 ParOldGen       total 43520K, used 9276K [0x00000000c0400000, 0x00000000c2e80000, 0x00000000eac00000)
  object space 43520K, 21% used [0x00000000c0400000,0x00000000c0d0f370,0x00000000c2e80000)
 PSPermGen       total 21248K, used 14457K [0x00000000bb200000, 0x00000000bc6c0000, 0x00000000c0400000)
  object space 21248K, 68% used [0x00000000bb200000,0x00000000bc01e6c0,0x00000000bc6c0000)
}

Deoptimization events (10 events):
Event: 14.319 Thread 0x000000000d242800 Uncommon trap -42 fr.pc 0x0000000002a89874
Event: 66.309 Thread 0x000000000d242800 Uncommon trap -83 fr.pc 0x0000000002aad384
Event: 66.319 Thread 0x000000000d242800 Uncommon trap -83 fr.pc 0x0000000002aaad8c
Event: 66.693 Thread 0x000000000d242800 Uncommon trap -83 fr.pc 0x0000000002a616dc
Event: 66.778 Thread 0x000000000d242800 Uncommon trap -34 fr.pc 0x0000000002aa7c78
Event: 66.778 Thread 0x000000000d242800 Uncommon trap -83 fr.pc 0x0000000002ace024
Event: 66.778 Thread 0x000000000d242800 Uncommon trap -34 fr.pc 0x0000000002aa7c78
Event: 66.797 Thread 0x000000000d242800 Uncommon trap -58 fr.pc 0x0000000002a8f52c
Event: 66.802 Thread 0x000000000d242800 Uncommon trap -58 fr.pc 0x0000000002a8f52c
Event: 66.805 Thread 0x000000000d242800 Uncommon trap -58 fr.pc 0x0000000002ac8ca4

Internal exceptions (10 events):
Event: 66.694 Thread 0x000000000d242800 Threw 0x00000000ec20ee10 at C:\jdk7u2_64p\jdk7u21\hotspot\src\share\vm\prims\jvm.cpp:1166
Event: 66.695 Thread 0x000000000d242800 Threw 0x00000000ec210280 at C:\jdk7u2_64p\jdk7u21\hotspot\src\share\vm\prims\jvm.cpp:1166
Event: 66.695 Thread 0x000000000d242800 Threw 0x00000000ec211bf8 at C:\jdk7u2_64p\jdk7u21\hotspot\src\share\vm\prims\jvm.cpp:1166
Event: 66.696 Thread 0x000000000d242800 Threw 0x00000000ec2159f8 at C:\jdk7u2_64p\jdk7u21\hotspot\src\share\vm\prims\jvm.cpp:1166
Event: 66.697 Thread 0x000000000d242800 Threw 0x00000000ec2177f8 at C:\jdk7u2_64p\jdk7u21\hotspot\src\share\vm\prims\jvm.cpp:1166
Event: 66.697 Thread 0x000000000d242800 Threw 0x00000000ec21b720 at C:\jdk7u2_64p\jdk7u21\hotspot\src\share\vm\prims\jvm.cpp:1166
Event: 66.697 Thread 0x000000000d242800 Threw 0x00000000ec21cbe8 at C:\jdk7u2_64p\jdk7u21\hotspot\src\share\vm\prims\jvm.cpp:1166
Event: 66.698 Thread 0x000000000d242800 Threw 0x00000000ec220100 at C:\jdk7u2_64p\jdk7u21\hotspot\src\share\vm\prims\jvm.cpp:1166
Event: 66.810 Thread 0x000000000d242800 Threw 0x00000000edae1600 at C:\jdk7u2_64p\jdk7u21\hotspot\src\share\vm\prims\jvm.cpp:1166
Event: 66.810 Thread 0x000000000d242800 Threw 0x00000000edae7f10 at C:\jdk7u2_64p\jdk7u21\hotspot\src\share\vm\prims\jvm.cpp:1166

Events (10 events):
Event: 66.802 Thread 0x000000000d242800 DEOPT PACKING pc=0x0000000002a8f52c sp=0x000000001166f0c0
Event: 66.802 Thread 0x000000000d242800 DEOPT UNPACKING pc=0x00000000029d9164 sp=0x000000001166f068 mode 2
Event: 66.805 Thread 0x000000000d242800 DEOPT PACKING pc=0x0000000002ac8ca4 sp=0x000000001166f090
Event: 66.805 Thread 0x000000000d242800 DEOPT UNPACKING pc=0x00000000029d9164 sp=0x000000001166f068 mode 2
Event: 66.806 loading class 0x000000000aea0bb0
Event: 66.806 loading class 0x000000000aea0bb0 done
Event: 66.810 loading class 0x000000000aea46c0
Event: 66.810 loading class 0x000000000aea46c0 done
Event: 66.810 loading class 0x000000000aea3ce0
Event: 66.810 loading class 0x000000000aea3ce0 done


Dynamic libraries:
0x000000013f940000 - 0x000000013f973000 	D:\Program Files (x86)\Java\jre7\bin\javaw.exe
0x0000000077830000 - 0x00000000779d9000 	C:\Windows\SYSTEM32\ntdll.dll
0x0000000077610000 - 0x000000007772f000 	C:\Windows\system32\kernel32.dll
0x000007fefd860000 - 0x000007fefd8cb000 	C:\Windows\system32\KERNELBASE.dll
0x000007fefda70000 - 0x000007fefdb4b000 	C:\Windows\system32\ADVAPI32.dll
0x000007fefdfc0000 - 0x000007fefe05f000 	C:\Windows\system32\msvcrt.dll
0x000007fefdd40000 - 0x000007fefdd5f000 	C:\Windows\SYSTEM32\sechost.dll
0x000007fefe060000 - 0x000007fefe18d000 	C:\Windows\system32\RPCRT4.dll
0x0000000077730000 - 0x000000007782a000 	C:\Windows\system32\USER32.dll
0x000007feffad0000 - 0x000007feffb37000 	C:\Windows\system32\GDI32.dll
0x000007fefdd30000 - 0x000007fefdd3e000 	C:\Windows\system32\LPK.dll
0x000007fefdc60000 - 0x000007fefdd29000 	C:\Windows\system32\USP10.dll
0x000007fefba10000 - 0x000007fefbc04000 	C:\Windows\WinSxS\amd64_microsoft.windows.common-controls_6595b64144ccf1df_6.0.7601.17514_none_fa396087175ac9ac\COMCTL32.dll
0x000007fefdde0000 - 0x000007fefde51000 	C:\Windows\system32\SHLWAPI.dll
0x000007fefda40000 - 0x000007fefda6e000 	C:\Windows\system32\IMM32.DLL
0x000007fefe3a0000 - 0x000007fefe4a9000 	C:\Windows\system32\MSCTF.dll
0x000000006cb20000 - 0x000000006cbf1000 	D:\Program Files (x86)\Java\jre7\bin\msvcr100.dll
0x0000000069e20000 - 0x000000006a541000 	D:\Program Files (x86)\Java\jre7\bin\server\jvm.dll
0x000007fefa010000 - 0x000007fefa019000 	C:\Windows\system32\WSOCK32.dll
0x000007fefec30000 - 0x000007fefec7d000 	C:\Windows\system32\WS2_32.dll
0x000007fefdbb0000 - 0x000007fefdbb8000 	C:\Windows\system32\NSI.dll
0x000007fefa190000 - 0x000007fefa1cb000 	C:\Windows\system32\WINMM.dll
0x00000000779f0000 - 0x00000000779f7000 	C:\Windows\system32\PSAPI.DLL
0x0000000074f40000 - 0x0000000074f4f000 	D:\Program Files (x86)\Java\jre7\bin\verify.dll
0x0000000073fe0000 - 0x0000000074008000 	D:\Program Files (x86)\Java\jre7\bin\java.dll
0x000000006f460000 - 0x000000006f475000 	D:\Program Files (x86)\Java\jre7\bin\zip.dll
0x000000006ae60000 - 0x000000006aff3000 	D:\Program Files (x86)\Java\jre7\bin\awt.dll
0x000007fefe4b0000 - 0x000007fefe587000 	C:\Windows\system32\OLEAUT32.dll
0x000007fefe190000 - 0x000007fefe393000 	C:\Windows\system32\ole32.dll
0x000007fefb900000 - 0x000007fefb956000 	C:\Windows\system32\uxtheme.dll
0x000007fefb130000 - 0x000007fefb148000 	C:\Windows\system32\dwmapi.dll
0x000007fefd540000 - 0x000007fefd54f000 	C:\Windows\system32\CRYPTBASE.dll
0x000007fefeca0000 - 0x000007feffa28000 	C:\Windows\system32\SHELL32.dll
0x000007fee8210000 - 0x000007fee840f000 	C:\Windows\system32\d3d9.dll
0x000007fefc770000 - 0x000007fefc77c000 	C:\Windows\system32\VERSION.dll
0x000007fefac20000 - 0x000007fefac27000 	C:\Windows\system32\d3d8thk.dll
0x000007fede850000 - 0x000007fedf4a6000 	C:\Windows\system32\nvd3dumx.dll
0x000007fefc2e0000 - 0x000007fefc30c000 	C:\Windows\system32\powrprof.dll
0x000007fefe590000 - 0x000007fefe767000 	C:\Windows\system32\SETUPAPI.dll
0x000007fefd7e0000 - 0x000007fefd816000 	C:\Windows\system32\CFGMGR32.dll
0x000007fefd6d0000 - 0x000007fefd6ea000 	C:\Windows\system32\DEVOBJ.dll
0x0000000075170000 - 0x00000000751ae000 	D:\Program Files (x86)\Java\jre7\bin\fontmanager.dll
0x000000006f200000 - 0x000000006f219000 	D:\Program Files (x86)\Java\jre7\bin\net.dll
0x000007fefcfe0000 - 0x000007fefd035000 	C:\Windows\system32\mswsock.dll
0x000007fefd130000 - 0x000007fefd137000 	C:\Windows\System32\wship6.dll
0x000000006d670000 - 0x000000006d681000 	D:\Program Files (x86)\Java\jre7\bin\nio.dll
0x0000000075120000 - 0x0000000075161000 	D:\Program Files (x86)\Java\jre7\bin\t2k.dll
0x000007fefd040000 - 0x000007fefd057000 	C:\Windows\system32\CRYPTSP.dll
0x000007fefcba0000 - 0x000007fefcbe7000 	C:\Windows\system32\rsaenh.dll
0x000007fefc950000 - 0x000007fefc96e000 	C:\Windows\system32\USERENV.dll
0x000007fefd610000 - 0x000007fefd61f000 	C:\Windows\system32\profapi.dll
0x000007fefb9c0000 - 0x000007fefb9d5000 	C:\Windows\system32\NLAapi.dll
0x000007fef9c90000 - 0x000007fef9ca5000 	C:\Windows\system32\napinsp.dll
0x000007fef7150000 - 0x000007fef7169000 	C:\Windows\system32\pnrpnsp.dll
0x000007fefcc50000 - 0x000007fefccab000 	C:\Windows\system32\DNSAPI.dll
0x000007fef7140000 - 0x000007fef714b000 	C:\Windows\System32\winrnr.dll
0x0000000072190000 - 0x00000000721b6000 	C:\Program Files\Bonjour\mdnsNSP.dll
0x000007fefb490000 - 0x000007fefb4b7000 	C:\Windows\system32\Iphlpapi.DLL
0x000007fefb470000 - 0x000007fefb47b000 	C:\Windows\system32\WINNSI.DLL
0x0000000180000000 - 0x0000000180024000 	C:\Windows\system32\xunyount64.dll
0x000007fefb0b0000 - 0x000007fefb0c8000 	C:\Windows\system32\dhcpcsvc.DLL
0x000007fefc840000 - 0x000007fefc847000 	C:\Windows\System32\wshtcpip.dll
0x000007fef89e0000 - 0x000007fef89e8000 	C:\Windows\system32\rasadhlp.dll
0x000007fefb370000 - 0x000007fefb3c3000 	C:\Windows\System32\fwpuclnt.dll
0x000007feffa30000 - 0x000007feffac9000 	C:\Windows\system32\CLBCatQ.DLL
0x000007fefaf40000 - 0x000007fefb0a1000 	C:\Windows\system32\WindowsCodecs.dll
0x000007fefd4e0000 - 0x000007fefd537000 	C:\Windows\system32\apphelp.dll
0x000007fef91c0000 - 0x000007fef93fb000 	D:\PROGRA~1\MICROS~1\Office15\GROOVEEX.DLL
0x00000000720f0000 - 0x0000000072188000 	C:\Windows\system32\MSVCP100.dll
0x00000000720c0000 - 0x00000000720eb000 	C:\Windows\system32\ATL100.DLL
0x000007fef8df0000 - 0x000007fef9107000 	C:\Windows\system32\msi.dll
0x000007fef73d0000 - 0x000007fef7c29000 	D:\PROGRA~1\MICROS~1\Office15\2052\GrooveIntlResource.dll
0x000007fef8db0000 - 0x000007fef8de5000 	C:\Windows\system32\EhStorShell.dll
0x000007fefc000000 - 0x000007fefc12c000 	C:\Windows\system32\PROPSYS.dll
0x000007fef8da0000 - 0x000007fef8da9000 	C:\Program Files (x86)\Internet Download Manager\IDMShellExt64.dll
0x000007fef8ce0000 - 0x000007fef8d5e000 	C:\Windows\System32\cscui.dll
0x000007fef8cd0000 - 0x000007fef8cdc000 	C:\Windows\System32\CSCDLL.dll
0x000007fefa120000 - 0x000007fefa12f000 	C:\Windows\system32\CSCAPI.dll
0x000007fef8c50000 - 0x000007fef8cd0000 	C:\Windows\system32\ntshrui.dll
0x000007fefd240000 - 0x000007fefd263000 	C:\Windows\system32\srvcli.dll
0x000007fefb690000 - 0x000007fefb69b000 	C:\Windows\system32\slc.dll
0x000007fefae30000 - 0x000007fefaed0000 	C:\Windows\WinSxS\amd64_microsoft.windows.common-controls_6595b64144ccf1df_5.82.7601.18201_none_a4d3b9377117c3df\comctl32.dll
0x000007fef4c30000 - 0x000007fef4d55000 	C:\Windows\system32\dbghelp.dll

VM Arguments:
jvm_args: -Dfile.encoding=GBK 
java_command: com.xl.main.REDApplication
Launcher Type: SUN_STANDARD

Environment Variables:
JAVA_HOME=D:\Program Files (x86)\Java\jdk1.7.0_21
CLASSPATH=D:\Program Files (x86)\Java\jdk1.7.0_21\lib\dt.jar;D:\Program Files (x86)\Java\jdk1.7.0_21\lib\tools.jar;
PATH=C:\Program Files (x86)\NVIDIA Corporation\PhysX\Common;C:\Windows\system32;C:\Windows;C:\Windows\System32\Wbem;C:\Windows\System32\WindowsPowerShell\v1.0\;D:\Program Files (x86)\Windows7Master;D:\Program Files (x86)\Java\jdk1.7.0_21\bin;D:\Program Files (x86)\Java\jdk1.7.0_21\jre\bin;D:\Program Files (x86)\MATLAB\R2013a\runtime\win64;D:\Program Files (x86)\MATLAB\R2013a\bin;C:\Windows\Microsoft.NET\Framework\v3.5;C:\Windows\Microsoft.NET\Framework\v2.0.50727;C:\Windows\Microsoft.NET\Framework\v3.5;C:\Windows\Microsoft.NET\Framework\v2.0.50727;D:\Program Files (x86)\apache-maven-3.2.1\bin;C:\Program Files (x86)\Microsoft SQL Server\100\Tools\Binn\;C:\Program Files\Microsoft SQL Server\100\Tools\Binn\;C:\Program Files\Microsoft SQL Server\100\DTS\Binn\;D:\Program Files (x86)\Microsoft Visual Studio\Common\Tools\WinNT;D:\Program Files (x86)\Microsoft Visual Studio\Common\MSDev98\Bin;D:\Program Files (x86)\Microsoft Visual Studio\Common\Tools;D:\Program Files (x86)\Microsoft Visual Studio\VC98\bin
USERNAME=Administrator
OS=Windows_NT
PROCESSOR_IDENTIFIER=Intel64 Family 6 Model 42 Stepping 7, GenuineIntel



---------------  S Y S T E M  ---------------

OS: Windows 7 , 64 bit Build 7601 Service Pack 1

CPU:total 4 (2 cores per cpu, 2 threads per core) family 6 model 42 stepping 7, cmov, cx8, fxsr, mmx, sse, sse2, sse3, ssse3, sse4.1, sse4.2, popcnt, avx, ht, tsc, tscinvbit

Memory: 4k page, physical 4176292k(1061276k free), swap 8350720k(3167236k free)

vm_info: Java HotSpot(TM) 64-Bit Server VM (23.21-b01) for windows-amd64 JRE (1.7.0_21-b11), built on Apr  4 2013 08:11:28 by "java_re" with unknown MS VC++:1600

time: Thu May 29 21:16:12 2014
elapsed time: 67 seconds

