#
# A fatal error has been detected by the Java Runtime Environment:
#
#  EXCEPTION_ACCESS_VIOLATION (0xc0000005) at pc=0x0000000069ea0fb0, pid=7604, tid=8908
#
# JRE version: 7.0_21-b11
# Java VM: Java HotSpot(TM) 64-Bit Server VM (23.21-b01 mixed mode windows-amd64 compressed oops)
# Problematic frame:
# V  [jvm.dll+0x80fb0]
#
# Failed to write core dump. Minidumps are not enabled by default on client versions of Windows
#
# If you would like to submit a bug report, please visit:
#   http://bugreport.sun.com/bugreport/crash.jsp
#

---------------  T H R E A D  ---------------

Current thread (0x000000000dc4b000):  JavaThread "Thread-6" [_thread_in_vm, id=8908, stack(0x0000000011870000,0x0000000011970000)]

siginfo: ExceptionCode=0xc0000005, reading address 0x00000000000002a4

Registers:
RAX=0x000000000dcb42f8, RBX=0x000000000dcb42f0, RCX=0x0000000000000278, RDX=0x000000000dcb42d0
RSP=0x000000001196ea00, RBP=0x0000000000000008, RSI=0x000000000dca8f00, RDI=0x0000000000000000
R8 =0x000000000dcb42c8, R9 =0x000000000dcb4270, R10=0x000000000000000c, R11=0x000000001196ead8
R12=0x000000000dc4b000, R13=0x0000000000000278, R14=0x0000000000000001, R15=0x000000001196ec20
RIP=0x0000000069ea0fb0, EFLAGS=0x0000000000010202

Top of Stack: (sp=0x000000001196ea00)
0x000000001196ea00:   000078908b330e79 000000000dcb42b0
0x000000001196ea10:   000000001196eb80 0000000069fec78f
0x000000001196ea20:   0000000000000000 0000000069fec78f
0x000000001196ea30:   000078908b330fb9 0000000000000130
0x000000001196ea40:   000000000dc4b000 00000000bb20b240
0x000000001196ea50:   000000000dcb42b8 000000000dca8f00
0x000000001196ea60:   00000000025c7830 0000000008f5d400
0x000000001196ea70:   000000001196ec20 0000000069ea1bda
0x000000001196ea80:   000000000dc4b000 000000000dcb42d0
0x000000001196ea90:   000000000dcb42b8 000000000dcb42a0
0x000000001196eaa0:   000000000dcb42c8 0000000069ed2101
0x000000001196eab0:   000000000dc4b000 000000000dc4b000
0x000000001196eac0:   000000000dcb42d0 0000000000000000
0x000000001196ead0:   000000000dcb42c0 0000000069ea2fae
0x000000001196eae0:   000000000dcb42c8 000000000dcb4270
0x000000001196eaf0:   000000000dcb42c8 000000000dcb42b8 

Instructions: (pc=0x0000000069ea0fb0)
0x0000000069ea0f90:   9f 00 00 48 89 6e 08 4c 89 6e 10 4c 89 76 18 e9
0x0000000069ea0fa0:   d7 00 00 00 45 84 f6 0f 84 ad 00 00 00 48 8b 0b
0x0000000069ea0fb0:   8b 41 2c c1 e8 0a a8 01 0f 84 9c 00 00 00 49 8b
0x0000000069ea0fc0:   b4 24 08 01 00 00 48 8b 41 10 48 8b 49 18 0f b7 


Register to memory mapping:

RAX=0x000000000dcb42f8 is an unknown value
RBX=0x000000000dcb42f0 is an unknown value
RCX=0x0000000000000278 is an unknown value
RDX=0x000000000dcb42d0 is an unknown value
RSP=0x000000001196ea00 is pointing into the stack for thread: 0x000000000dc4b000
RBP=0x0000000000000008 is an unknown value
RSI=0x000000000dca8f00 is an unknown value
RDI=0x0000000000000000 is an unknown value
R8 =0x000000000dcb42c8 is an unknown value
R9 =0x000000000dcb4270 is an unknown value
R10=0x000000000000000c is an unknown value
R11=0x000000001196ead8 is pointing into the stack for thread: 0x000000000dc4b000
R12=0x000000000dc4b000 is a thread
R13=0x0000000000000278 is an unknown value
R14=0x0000000000000001 is an unknown value
R15=0x000000001196ec20 is pointing into the stack for thread: 0x000000000dc4b000


Stack: [0x0000000011870000,0x0000000011970000],  sp=0x000000001196ea00,  free space=1018k
Native frames: (J=compiled Java code, j=interpreted, Vv=VM code, C=native code)
V  [jvm.dll+0x80fb0]

[error occurred during error reporting (printing native stack), id 0xc0000005]

Java frames: (J=compiled Java code, j=interpreted, Vv=VM code)
j  com.xl.display.genomeviewer.GenomeViewer.<init>(Lcom/xl/datatypes/genome/Genome;Lcom/xl/main/REDApplication;)V+177
j  com.xl.main.REDApplication.addNewLoadedGenome(Lcom/xl/datatypes/genome/Genome;)V+148
j  com.xl.main.REDApplication.progressComplete(Ljava/lang/String;Ljava/lang/Object;)V+20
j  com.xl.annotationparsers.IGVGenomeParser.progressComplete(Ljava/lang/String;Ljava/lang/Object;)V+22
j  com.xl.annotationparsers.IGVGenomeParser.run()V+542
j  java.lang.Thread.run()V+11
v  ~StubRoutines::call_stub

---------------  P R O C E S S  ---------------

Java Threads: ( => current thread )
  0x000000000de79000 JavaThread "Keep-Alive-Timer" daemon [_thread_blocked, id=12080, stack(0x00000000119a0000,0x0000000011aa0000)]
=>0x000000000dc4b000 JavaThread "Thread-6" [_thread_in_vm, id=8908, stack(0x0000000011870000,0x0000000011970000)]
  0x000000000da24000 JavaThread "TimerQueue" daemon [_thread_blocked, id=10772, stack(0x0000000011e90000,0x0000000011f90000)]
  0x000000000da20800 JavaThread "D3D Screen Updater" daemon [_thread_blocked, id=12460, stack(0x0000000010a00000,0x0000000010b00000)]
  0x00000000026cd000 JavaThread "DestroyJavaVM" [_thread_blocked, id=2840, stack(0x0000000002890000,0x0000000002990000)]
  0x000000000dcea800 JavaThread "Thread-2" [_thread_blocked, id=10076, stack(0x000000000f970000,0x000000000fa70000)]
  0x000000000df78800 JavaThread "AWT-EventQueue-0" [_thread_blocked, id=8776, stack(0x000000000f000000,0x000000000f100000)]
  0x000000000addf800 JavaThread "AWT-Windows" daemon [_thread_in_native, id=13072, stack(0x0000000002790000,0x0000000002890000)]
  0x000000000adda800 JavaThread "AWT-Shutdown" [_thread_blocked, id=12188, stack(0x000000000b1e0000,0x000000000b2e0000)]
  0x000000000ac77800 JavaThread "Java2D Disposer" daemon [_thread_blocked, id=13112, stack(0x000000000b070000,0x000000000b170000)]
  0x00000000090ad000 JavaThread "Service Thread" daemon [_thread_blocked, id=6960, stack(0x000000000a570000,0x000000000a670000)]
  0x00000000090ac000 JavaThread "C2 CompilerThread1" daemon [_thread_in_native, id=12580, stack(0x000000000a9b0000,0x000000000aab0000)]
  0x00000000090aa800 JavaThread "C2 CompilerThread0" daemon [_thread_in_native, id=12248, stack(0x000000000a780000,0x000000000a880000)]
  0x00000000090a9000 JavaThread "Attach Listener" daemon [_thread_blocked, id=10484, stack(0x000000000a340000,0x000000000a440000)]
  0x00000000090a2000 JavaThread "Signal Dispatcher" daemon [_thread_blocked, id=9752, stack(0x000000000a670000,0x000000000a770000)]
  0x000000000262f800 JavaThread "Finalizer" daemon [_thread_blocked, id=9568, stack(0x000000000a460000,0x000000000a560000)]
  0x000000000262e000 JavaThread "Reference Handler" daemon [_thread_blocked, id=5512, stack(0x000000000a1d0000,0x000000000a2d0000)]

Other Threads:
  0x0000000009002800 VMThread [stack: 0x000000000a020000,0x000000000a120000] [id=10704]
  0x00000000090c6000 WatcherThread [stack: 0x000000000ab00000,0x000000000ac00000] [id=10268]

VM state:not at safepoint (normal execution)

VM Mutex/Monitor currently owned by a thread: None

Heap
 PSYoungGen      total 71488K, used 49243K [0x00000000eac00000, 0x00000000ef8e0000, 0x0000000100000000)
  eden space 65216K, 75% used [0x00000000eac00000,0x00000000edc0ae18,0x00000000eebb0000)
  from space 6272K, 0% used [0x00000000ef220000,0x00000000ef22c010,0x00000000ef840000)
  to   space 6592K, 0% used [0x00000000eebb0000,0x00000000eebb0000,0x00000000ef220000)
 ParOldGen       total 43520K, used 9352K [0x00000000c0400000, 0x00000000c2e80000, 0x00000000eac00000)
  object space 43520K, 21% used [0x00000000c0400000,0x00000000c0d22398,0x00000000c2e80000)
 PSPermGen       total 21248K, used 14588K [0x00000000bb200000, 0x00000000bc6c0000, 0x00000000c0400000)
  object space 21248K, 68% used [0x00000000bb200000,0x00000000bc03f388,0x00000000bc6c0000)

Card table byte_map: [0x0000000005990000,0x0000000005bc0000] byte_map_base: 0x00000000053b7000

Polling page: 0x0000000000120000

Code Cache  [0x0000000002990000, 0x0000000002c00000, 0x0000000005990000)
 total_blobs=750 nmethods=277 adapters=424 free_code_cache=47895Kb largest_free_block=49012736

Compilation events (10 events):
Event: 59.917 Thread 0x00000000090aa800  268             java.util.LinkedHashMap$LinkedHashIterator::hasNext (20 bytes)
Event: 59.918 Thread 0x00000000090aa800 nmethod 268 0x0000000002aca6d0 code [0x0000000002aca800, 0x0000000002aca878]
Event: 59.918 Thread 0x00000000090aa800  269             java.util.LinkedHashMap$ValueIterator::next (8 bytes)
Event: 59.919 Thread 0x00000000090aa800 nmethod 269 0x0000000002aca390 code [0x0000000002aca4e0, 0x0000000002aca5b8]
Event: 59.927 Thread 0x00000000090aa800  270             com.xl.utils.ChromosomeUtils::getStandardChromosomeName (45 bytes)
Event: 59.935 Thread 0x00000000090aa800 nmethod 270 0x0000000002acbc90 code [0x0000000002acbe40, 0x0000000002acc528]
Event: 59.936 Thread 0x00000000090aa800  271             java.lang.Character::isLetterOrDigit (5 bytes)
Event: 59.937 Thread 0x00000000090aa800 nmethod 271 0x0000000002ac9fd0 code [0x0000000002aca120, 0x0000000002aca1d8]
Event: 59.937 Thread 0x00000000090aa800  272             java.lang.Character::isLetterOrDigit (19 bytes)
Event: 59.938 Thread 0x00000000090aa800 nmethod 272 0x0000000002acb750 code [0x0000000002acb8a0, 0x0000000002acb9d8]

GC Heap History (10 events):
Event: 59.501 GC heap before
{Heap before GC invocations=4 (full 0):
 PSYoungGen      total 19072K, used 19069K [0x00000000eac00000, 0x00000000ec140000, 0x0000000100000000)
  eden space 16384K, 100% used [0x00000000eac00000,0x00000000ebc00000,0x00000000ebc00000)
  from space 2688K, 99% used [0x00000000ebc00000,0x00000000ebe9f700,0x00000000ebea0000)
  to   space 2688K, 0% used [0x00000000ebea0000,0x00000000ebea0000,0x00000000ec140000)
 ParOldGen       total 43520K, used 3560K [0x00000000c0400000, 0x00000000c2e80000, 0x00000000eac00000)
  object space 43520K, 8% used [0x00000000c0400000,0x00000000c077a0c8,0x00000000c2e80000)
 PSPermGen       total 21248K, used 14462K [0x00000000bb200000, 0x00000000bc6c0000, 0x00000000c0400000)
  object space 21248K, 68% used [0x00000000bb200000,0x00000000bc01f8f0,0x00000000bc6c0000)
Event: 59.511 GC heap after
Heap after GC invocations=4 (full 0):
 PSYoungGen      total 19072K, used 2684K [0x00000000eac00000, 0x00000000ec140000, 0x0000000100000000)
  eden space 16384K, 0% used [0x00000000eac00000,0x00000000eac00000,0x00000000ebc00000)
  from space 2688K, 99% used [0x00000000ebea0000,0x00000000ec13f000,0x00000000ec140000)
  to   space 2688K, 0% used [0x00000000ebc00000,0x00000000ebc00000,0x00000000ebea0000)
 ParOldGen       total 43520K, used 6616K [0x00000000c0400000, 0x00000000c2e80000, 0x00000000eac00000)
  object space 43520K, 15% used [0x00000000c0400000,0x00000000c0a76308,0x00000000c2e80000)
 PSPermGen       total 21248K, used 14462K [0x00000000bb200000, 0x00000000bc6c0000, 0x00000000c0400000)
  object space 21248K, 68% used [0x00000000bb200000,0x00000000bc01f8f0,0x00000000bc6c0000)
}
Event: 59.577 GC heap before
{Heap before GC invocations=5 (full 0):
 PSYoungGen      total 19072K, used 19068K [0x00000000eac00000, 0x00000000ec140000, 0x0000000100000000)
  eden space 16384K, 100% used [0x00000000eac00000,0x00000000ebc00000,0x00000000ebc00000)
  from space 2688K, 99% used [0x00000000ebea0000,0x00000000ec13f000,0x00000000ec140000)
  to   space 2688K, 0% used [0x00000000ebc00000,0x00000000ebc00000,0x00000000ebea0000)
 ParOldGen       total 43520K, used 6616K [0x00000000c0400000, 0x00000000c2e80000, 0x00000000eac00000)
  object space 43520K, 15% used [0x00000000c0400000,0x00000000c0a76308,0x00000000c2e80000)
 PSPermGen       total 21248K, used 14471K [0x00000000bb200000, 0x00000000bc6c0000, 0x00000000c0400000)
  object space 21248K, 68% used [0x00000000bb200000,0x00000000bc021fd8,0x00000000bc6c0000)
Event: 59.586 GC heap after
Heap after GC invocations=5 (full 0):
 PSYoungGen      total 19072K, used 2684K [0x00000000eac00000, 0x00000000ed7c0000, 0x0000000100000000)
  eden space 16384K, 0% used [0x00000000eac00000,0x00000000eac00000,0x00000000ebc00000)
  from space 2688K, 99% used [0x00000000ebc00000,0x00000000ebe9f000,0x00000000ebea0000)
  to   space 6016K, 0% used [0x00000000ed1e0000,0x00000000ed1e0000,0x00000000ed7c0000)
 ParOldGen       total 43520K, used 6644K [0x00000000c0400000, 0x00000000c2e80000, 0x00000000eac00000)
  object space 43520K, 15% used [0x00000000c0400000,0x00000000c0a7d318,0x00000000c2e80000)
 PSPermGen       total 21248K, used 14471K [0x00000000bb200000, 0x00000000bc6c0000, 0x00000000c0400000)
  object space 21248K, 68% used [0x00000000bb200000,0x00000000bc021fd8,0x00000000bc6c0000)
}
Event: 59.640 GC heap before
{Heap before GC invocations=6 (full 0):
 PSYoungGen      total 19072K, used 19068K [0x00000000eac00000, 0x00000000ed7c0000, 0x0000000100000000)
  eden space 16384K, 100% used [0x00000000eac00000,0x00000000ebc00000,0x00000000ebc00000)
  from space 2688K, 99% used [0x00000000ebc00000,0x00000000ebe9f000,0x00000000ebea0000)
  to   space 6016K, 0% used [0x00000000ed1e0000,0x00000000ed1e0000,0x00000000ed7c0000)
 ParOldGen       total 43520K, used 6644K [0x00000000c0400000, 0x00000000c2e80000, 0x00000000eac00000)
  object space 43520K, 15% used [0x00000000c0400000,0x00000000c0a7d318,0x00000000c2e80000)
 PSPermGen       total 21248K, used 14474K [0x00000000bb200000, 0x00000000bc6c0000, 0x00000000c0400000)
  object space 21248K, 68% used [0x00000000bb200000,0x00000000bc0228c0,0x00000000bc6c0000)
Event: 59.646 GC heap after
Heap after GC invocations=6 (full 0):
 PSYoungGen      total 38784K, used 2716K [0x00000000eac00000, 0x00000000ed7c0000, 0x0000000100000000)
  eden space 32768K, 0% used [0x00000000eac00000,0x00000000eac00000,0x00000000ecc00000)
  from space 6016K, 45% used [0x00000000ed1e0000,0x00000000ed487000,0x00000000ed7c0000)
  to   space 6016K, 0% used [0x00000000ecc00000,0x00000000ecc00000,0x00000000ed1e0000)
 ParOldGen       total 43520K, used 6644K [0x00000000c0400000, 0x00000000c2e80000, 0x00000000eac00000)
  object space 43520K, 15% used [0x00000000c0400000,0x00000000c0a7d318,0x00000000c2e80000)
 PSPermGen       total 21248K, used 14474K [0x00000000bb200000, 0x00000000bc6c0000, 0x00000000c0400000)
  object space 21248K, 68% used [0x00000000bb200000,0x00000000bc0228c0,0x00000000bc6c0000)
}
Event: 59.720 GC heap before
{Heap before GC invocations=7 (full 0):
 PSYoungGen      total 38784K, used 35484K [0x00000000eac00000, 0x00000000ed7c0000, 0x0000000100000000)
  eden space 32768K, 100% used [0x00000000eac00000,0x00000000ecc00000,0x00000000ecc00000)
  from space 6016K, 45% used [0x00000000ed1e0000,0x00000000ed487000,0x00000000ed7c0000)
  to   space 6016K, 0% used [0x00000000ecc00000,0x00000000ecc00000,0x00000000ed1e0000)
 ParOldGen       total 43520K, used 6644K [0x00000000c0400000, 0x00000000c2e80000, 0x00000000eac00000)
  object space 43520K, 15% used [0x00000000c0400000,0x00000000c0a7d318,0x00000000c2e80000)
 PSPermGen       total 21248K, used 14474K [0x00000000bb200000, 0x00000000bc6c0000, 0x00000000c0400000)
  object space 21248K, 68% used [0x00000000bb200000,0x00000000bc022900,0x00000000bc6c0000)
Event: 59.726 GC heap after
Heap after GC invocations=7 (full 0):
 PSYoungGen      total 38784K, used 1278K [0x00000000eac00000, 0x00000000ef840000, 0x0000000100000000)
  eden space 32768K, 0% used [0x00000000eac00000,0x00000000eac00000,0x00000000ecc00000)
  from space 6016K, 21% used [0x00000000ecc00000,0x00000000ecd3f900,0x00000000ed1e0000)
  to   space 6272K, 0% used [0x00000000ef220000,0x00000000ef220000,0x00000000ef840000)
 ParOldGen       total 43520K, used 8130K [0x00000000c0400000, 0x00000000c2e80000, 0x00000000eac00000)
  object space 43520K, 18% used [0x00000000c0400000,0x00000000c0bf0a98,0x00000000c2e80000)
 PSPermGen       total 21248K, used 14474K [0x00000000bb200000, 0x00000000bc6c0000, 0x00000000c0400000)
  object space 21248K, 68% used [0x00000000bb200000,0x00000000bc022900,0x00000000bc6c0000)
}
Event: 59.776 GC heap before
{Heap before GC invocations=8 (full 0):
 PSYoungGen      total 38784K, used 34046K [0x00000000eac00000, 0x00000000ef840000, 0x0000000100000000)
  eden space 32768K, 100% used [0x00000000eac00000,0x00000000ecc00000,0x00000000ecc00000)
  from space 6016K, 21% used [0x00000000ecc00000,0x00000000ecd3f900,0x00000000ed1e0000)
  to   space 6272K, 0% used [0x00000000ef220000,0x00000000ef220000,0x00000000ef840000)
 ParOldGen       total 43520K, used 8130K [0x00000000c0400000, 0x00000000c2e80000, 0x00000000eac00000)
  object space 43520K, 18% used [0x00000000c0400000,0x00000000c0bf0a98,0x00000000c2e80000)
 PSPermGen       total 21248K, used 14474K [0x00000000bb200000, 0x00000000bc6c0000, 0x00000000c0400000)
  object space 21248K, 68% used [0x00000000bb200000,0x00000000bc022900,0x00000000bc6c0000)
Event: 59.779 GC heap after
Heap after GC invocations=8 (full 0):
 PSYoungGen      total 71488K, used 48K [0x00000000eac00000, 0x00000000ef8e0000, 0x0000000100000000)
  eden space 65216K, 0% used [0x00000000eac00000,0x00000000eac00000,0x00000000eebb0000)
  from space 6272K, 0% used [0x00000000ef220000,0x00000000ef22c010,0x00000000ef840000)
  to   space 6592K, 0% used [0x00000000eebb0000,0x00000000eebb0000,0x00000000ef220000)
 ParOldGen       total 43520K, used 9352K [0x00000000c0400000, 0x00000000c2e80000, 0x00000000eac00000)
  object space 43520K, 21% used [0x00000000c0400000,0x00000000c0d22398,0x00000000c2e80000)
 PSPermGen       total 21248K, used 14474K [0x00000000bb200000, 0x00000000bc6c0000, 0x00000000c0400000)
  object space 21248K, 68% used [0x00000000bb200000,0x00000000bc022900,0x00000000bc6c0000)
}

Deoptimization events (10 events):
Event: 9.315 Thread 0x000000000dc4b000 Uncommon trap -42 fr.pc 0x0000000002a7b934
Event: 59.450 Thread 0x000000000dc4b000 Uncommon trap -83 fr.pc 0x0000000002a9b804
Event: 59.458 Thread 0x000000000dc4b000 Uncommon trap -83 fr.pc 0x0000000002a4dfcc
Event: 59.818 Thread 0x000000000dc4b000 Uncommon trap -83 fr.pc 0x0000000002a69f5c
Event: 59.909 Thread 0x000000000dc4b000 Uncommon trap -34 fr.pc 0x0000000002a8fcf8
Event: 59.909 Thread 0x000000000dc4b000 Uncommon trap -83 fr.pc 0x0000000002aa8be4
Event: 59.909 Thread 0x000000000dc4b000 Uncommon trap -34 fr.pc 0x0000000002a8fcf8
Event: 59.911 Thread 0x000000000dc4b000 Uncommon trap -58 fr.pc 0x0000000002a7da2c
Event: 59.916 Thread 0x000000000dc4b000 Uncommon trap -58 fr.pc 0x0000000002a7da2c
Event: 59.920 Thread 0x000000000dc4b000 Uncommon trap -58 fr.pc 0x0000000002acada0

Internal exceptions (10 events):
Event: 59.820 Thread 0x000000000dc4b000 Threw 0x00000000ec1bbc98 at C:\jdk7u2_64p\jdk7u21\hotspot\src\share\vm\prims\jvm.cpp:1166
Event: 59.820 Thread 0x000000000dc4b000 Threw 0x00000000ec1bd108 at C:\jdk7u2_64p\jdk7u21\hotspot\src\share\vm\prims\jvm.cpp:1166
Event: 59.821 Thread 0x000000000dc4b000 Threw 0x00000000ec1bea80 at C:\jdk7u2_64p\jdk7u21\hotspot\src\share\vm\prims\jvm.cpp:1166
Event: 59.821 Thread 0x000000000dc4b000 Threw 0x00000000ec1c2880 at C:\jdk7u2_64p\jdk7u21\hotspot\src\share\vm\prims\jvm.cpp:1166
Event: 59.822 Thread 0x000000000dc4b000 Threw 0x00000000ec1c4680 at C:\jdk7u2_64p\jdk7u21\hotspot\src\share\vm\prims\jvm.cpp:1166
Event: 59.822 Thread 0x000000000dc4b000 Threw 0x00000000ec1c85a8 at C:\jdk7u2_64p\jdk7u21\hotspot\src\share\vm\prims\jvm.cpp:1166
Event: 59.822 Thread 0x000000000dc4b000 Threw 0x00000000ec1c9a70 at C:\jdk7u2_64p\jdk7u21\hotspot\src\share\vm\prims\jvm.cpp:1166
Event: 59.823 Thread 0x000000000dc4b000 Threw 0x00000000ec1ccf88 at C:\jdk7u2_64p\jdk7u21\hotspot\src\share\vm\prims\jvm.cpp:1166
Event: 59.922 Thread 0x000000000dc4b000 Threw 0x00000000eda87d88 at C:\jdk7u2_64p\jdk7u21\hotspot\src\share\vm\prims\jvm.cpp:1166
Event: 59.923 Thread 0x000000000dc4b000 Threw 0x00000000eda8e698 at C:\jdk7u2_64p\jdk7u21\hotspot\src\share\vm\prims\jvm.cpp:1166

Events (10 events):
Event: 59.916 Thread 0x000000000dc4b000 DEOPT PACKING pc=0x0000000002a7da2c sp=0x000000001196ecd0
Event: 59.916 Thread 0x000000000dc4b000 DEOPT UNPACKING pc=0x00000000029c9164 sp=0x000000001196ec78 mode 2
Event: 59.920 Thread 0x000000000dc4b000 DEOPT PACKING pc=0x0000000002acada0 sp=0x000000001196eca0
Event: 59.920 Thread 0x000000000dc4b000 DEOPT UNPACKING pc=0x00000000029c9164 sp=0x000000001196ec78 mode 2
Event: 59.921 loading class 0x000000000ac3fe60
Event: 59.921 loading class 0x000000000ac3fe60 done
Event: 59.922 loading class 0x00000000090eec50
Event: 59.922 loading class 0x00000000090eec50 done
Event: 59.923 loading class 0x000000000ac42f90
Event: 59.923 loading class 0x000000000ac42f90 done


Dynamic libraries:
0x000000013f940000 - 0x000000013f973000 	D:\Program Files (x86)\Java\jre7\bin\javaw.exe
0x0000000077830000 - 0x00000000779d9000 	C:\Windows\SYSTEM32\ntdll.dll
0x0000000077610000 - 0x000000007772f000 	C:\Windows\system32\kernel32.dll
0x000007fefd860000 - 0x000007fefd8cb000 	C:\Windows\system32\KERNELBASE.dll
0x000007fefda70000 - 0x000007fefdb4b000 	C:\Windows\system32\ADVAPI32.dll
0x000007fefdfc0000 - 0x000007fefe05f000 	C:\Windows\system32\msvcrt.dll
0x000007fefdd40000 - 0x000007fefdd5f000 	C:\Windows\SYSTEM32\sechost.dll
0x000007fefe060000 - 0x000007fefe18d000 	C:\Windows\system32\RPCRT4.dll
0x0000000077730000 - 0x000000007782a000 	C:\Windows\system32\USER32.dll
0x000007feffad0000 - 0x000007feffb37000 	C:\Windows\system32\GDI32.dll
0x000007fefdd30000 - 0x000007fefdd3e000 	C:\Windows\system32\LPK.dll
0x000007fefdc60000 - 0x000007fefdd29000 	C:\Windows\system32\USP10.dll
0x000007fefba10000 - 0x000007fefbc04000 	C:\Windows\WinSxS\amd64_microsoft.windows.common-controls_6595b64144ccf1df_6.0.7601.17514_none_fa396087175ac9ac\COMCTL32.dll
0x000007fefdde0000 - 0x000007fefde51000 	C:\Windows\system32\SHLWAPI.dll
0x000007fefda40000 - 0x000007fefda6e000 	C:\Windows\system32\IMM32.DLL
0x000007fefe3a0000 - 0x000007fefe4a9000 	C:\Windows\system32\MSCTF.dll
0x000000006cb20000 - 0x000000006cbf1000 	D:\Program Files (x86)\Java\jre7\bin\msvcr100.dll
0x0000000069e20000 - 0x000000006a541000 	D:\Program Files (x86)\Java\jre7\bin\server\jvm.dll
0x000007fefa010000 - 0x000007fefa019000 	C:\Windows\system32\WSOCK32.dll
0x000007fefec30000 - 0x000007fefec7d000 	C:\Windows\system32\WS2_32.dll
0x000007fefdbb0000 - 0x000007fefdbb8000 	C:\Windows\system32\NSI.dll
0x000007fefa190000 - 0x000007fefa1cb000 	C:\Windows\system32\WINMM.dll
0x00000000779f0000 - 0x00000000779f7000 	C:\Windows\system32\PSAPI.DLL
0x0000000074f40000 - 0x0000000074f4f000 	D:\Program Files (x86)\Java\jre7\bin\verify.dll
0x0000000073fe0000 - 0x0000000074008000 	D:\Program Files (x86)\Java\jre7\bin\java.dll
0x000000006f460000 - 0x000000006f475000 	D:\Program Files (x86)\Java\jre7\bin\zip.dll
0x000000006ae60000 - 0x000000006aff3000 	D:\Program Files (x86)\Java\jre7\bin\awt.dll
0x000007fefe4b0000 - 0x000007fefe587000 	C:\Windows\system32\OLEAUT32.dll
0x000007fefe190000 - 0x000007fefe393000 	C:\Windows\system32\ole32.dll
0x000007fefb900000 - 0x000007fefb956000 	C:\Windows\system32\uxtheme.dll
0x000007fefb130000 - 0x000007fefb148000 	C:\Windows\system32\dwmapi.dll
0x000007fefd540000 - 0x000007fefd54f000 	C:\Windows\system32\CRYPTBASE.dll
0x000007fefeca0000 - 0x000007feffa28000 	C:\Windows\system32\SHELL32.dll
0x000007fee8210000 - 0x000007fee840f000 	C:\Windows\system32\d3d9.dll
0x000007fefc770000 - 0x000007fefc77c000 	C:\Windows\system32\VERSION.dll
0x000007fefac20000 - 0x000007fefac27000 	C:\Windows\system32\d3d8thk.dll
0x000007fede850000 - 0x000007fedf4a6000 	C:\Windows\system32\nvd3dumx.dll
0x000007fefc2e0000 - 0x000007fefc30c000 	C:\Windows\system32\powrprof.dll
0x000007fefe590000 - 0x000007fefe767000 	C:\Windows\system32\SETUPAPI.dll
0x000007fefd7e0000 - 0x000007fefd816000 	C:\Windows\system32\CFGMGR32.dll
0x000007fefd6d0000 - 0x000007fefd6ea000 	C:\Windows\system32\DEVOBJ.dll
0x0000000075170000 - 0x00000000751ae000 	D:\Program Files (x86)\Java\jre7\bin\fontmanager.dll
0x000000006f200000 - 0x000000006f219000 	D:\Program Files (x86)\Java\jre7\bin\net.dll
0x000007fefcfe0000 - 0x000007fefd035000 	C:\Windows\system32\mswsock.dll
0x000007fefd130000 - 0x000007fefd137000 	C:\Windows\System32\wship6.dll
0x000000006d670000 - 0x000000006d681000 	D:\Program Files (x86)\Java\jre7\bin\nio.dll
0x0000000075120000 - 0x0000000075161000 	D:\Program Files (x86)\Java\jre7\bin\t2k.dll
0x000007fefd040000 - 0x000007fefd057000 	C:\Windows\system32\CRYPTSP.dll
0x000007fefcba0000 - 0x000007fefcbe7000 	C:\Windows\system32\rsaenh.dll
0x000007fefc950000 - 0x000007fefc96e000 	C:\Windows\system32\USERENV.dll
0x000007fefd610000 - 0x000007fefd61f000 	C:\Windows\system32\profapi.dll
0x000007fefb9c0000 - 0x000007fefb9d5000 	C:\Windows\system32\NLAapi.dll
0x000007fef9c90000 - 0x000007fef9ca5000 	C:\Windows\system32\napinsp.dll
0x000007fef7150000 - 0x000007fef7169000 	C:\Windows\system32\pnrpnsp.dll
0x000007fefcc50000 - 0x000007fefccab000 	C:\Windows\system32\DNSAPI.dll
0x000007fef7140000 - 0x000007fef714b000 	C:\Windows\System32\winrnr.dll
0x0000000072190000 - 0x00000000721b6000 	C:\Program Files\Bonjour\mdnsNSP.dll
0x000007fefb490000 - 0x000007fefb4b7000 	C:\Windows\system32\Iphlpapi.DLL
0x000007fefb470000 - 0x000007fefb47b000 	C:\Windows\system32\WINNSI.DLL
0x0000000180000000 - 0x0000000180024000 	C:\Windows\system32\xunyount64.dll
0x000007fefb0b0000 - 0x000007fefb0c8000 	C:\Windows\system32\dhcpcsvc.DLL
0x000007fefc840000 - 0x000007fefc847000 	C:\Windows\System32\wshtcpip.dll
0x000007fef89e0000 - 0x000007fef89e8000 	C:\Windows\system32\rasadhlp.dll
0x000007fefb370000 - 0x000007fefb3c3000 	C:\Windows\System32\fwpuclnt.dll
0x000007feffa30000 - 0x000007feffac9000 	C:\Windows\system32\CLBCatQ.DLL
0x000007fefaf40000 - 0x000007fefb0a1000 	C:\Windows\system32\WindowsCodecs.dll
0x000007fefd4e0000 - 0x000007fefd537000 	C:\Windows\system32\apphelp.dll
0x000007fef91c0000 - 0x000007fef93fb000 	D:\PROGRA~1\MICROS~1\Office15\GROOVEEX.DLL
0x00000000720f0000 - 0x0000000072188000 	C:\Windows\system32\MSVCP100.dll
0x00000000720c0000 - 0x00000000720eb000 	C:\Windows\system32\ATL100.DLL
0x000007fef8df0000 - 0x000007fef9107000 	C:\Windows\system32\msi.dll
0x000007fef73d0000 - 0x000007fef7c29000 	D:\PROGRA~1\MICROS~1\Office15\2052\GrooveIntlResource.dll
0x000007fef8db0000 - 0x000007fef8de5000 	C:\Windows\system32\EhStorShell.dll
0x000007fefc000000 - 0x000007fefc12c000 	C:\Windows\system32\PROPSYS.dll
0x000007fef8da0000 - 0x000007fef8da9000 	C:\Program Files (x86)\Internet Download Manager\IDMShellExt64.dll
0x000007fef8ce0000 - 0x000007fef8d5e000 	C:\Windows\System32\cscui.dll
0x000007fef8cd0000 - 0x000007fef8cdc000 	C:\Windows\System32\CSCDLL.dll
0x000007fefa120000 - 0x000007fefa12f000 	C:\Windows\system32\CSCAPI.dll
0x000007fef8c50000 - 0x000007fef8cd0000 	C:\Windows\system32\ntshrui.dll
0x000007fefd240000 - 0x000007fefd263000 	C:\Windows\system32\srvcli.dll
0x000007fefb690000 - 0x000007fefb69b000 	C:\Windows\system32\slc.dll
0x000007fefae30000 - 0x000007fefaed0000 	C:\Windows\WinSxS\amd64_microsoft.windows.common-controls_6595b64144ccf1df_5.82.7601.18201_none_a4d3b9377117c3df\comctl32.dll
0x000007fef4c30000 - 0x000007fef4d55000 	C:\Windows\system32\dbghelp.dll

VM Arguments:
jvm_args: -Dfile.encoding=GBK 
java_command: com.xl.main.REDApplication
Launcher Type: SUN_STANDARD

Environment Variables:
JAVA_HOME=D:\Program Files (x86)\Java\jdk1.7.0_21
CLASSPATH=D:\Program Files (x86)\Java\jdk1.7.0_21\lib\dt.jar;D:\Program Files (x86)\Java\jdk1.7.0_21\lib\tools.jar;
PATH=C:\Program Files (x86)\NVIDIA Corporation\PhysX\Common;C:\Windows\system32;C:\Windows;C:\Windows\System32\Wbem;C:\Windows\System32\WindowsPowerShell\v1.0\;D:\Program Files (x86)\Windows7Master;D:\Program Files (x86)\Java\jdk1.7.0_21\bin;D:\Program Files (x86)\Java\jdk1.7.0_21\jre\bin;D:\Program Files (x86)\MATLAB\R2013a\runtime\win64;D:\Program Files (x86)\MATLAB\R2013a\bin;C:\Windows\Microsoft.NET\Framework\v3.5;C:\Windows\Microsoft.NET\Framework\v2.0.50727;C:\Windows\Microsoft.NET\Framework\v3.5;C:\Windows\Microsoft.NET\Framework\v2.0.50727;D:\Program Files (x86)\apache-maven-3.2.1\bin;C:\Program Files (x86)\Microsoft SQL Server\100\Tools\Binn\;C:\Program Files\Microsoft SQL Server\100\Tools\Binn\;C:\Program Files\Microsoft SQL Server\100\DTS\Binn\;D:\Program Files (x86)\Microsoft Visual Studio\Common\Tools\WinNT;D:\Program Files (x86)\Microsoft Visual Studio\Common\MSDev98\Bin;D:\Program Files (x86)\Microsoft Visual Studio\Common\Tools;D:\Program Files (x86)\Microsoft Visual Studio\VC98\bin
USERNAME=Administrator
OS=Windows_NT
PROCESSOR_IDENTIFIER=Intel64 Family 6 Model 42 Stepping 7, GenuineIntel



---------------  S Y S T E M  ---------------

OS: Windows 7 , 64 bit Build 7601 Service Pack 1

CPU:total 4 (2 cores per cpu, 2 threads per core) family 6 model 42 stepping 7, cmov, cx8, fxsr, mmx, sse, sse2, sse3, ssse3, sse4.1, sse4.2, popcnt, avx, ht, tsc, tscinvbit

Memory: 4k page, physical 4176292k(1052668k free), swap 8350720k(3159016k free)

vm_info: Java HotSpot(TM) 64-Bit Server VM (23.21-b01) for windows-amd64 JRE (1.7.0_21-b11), built on Apr  4 2013 08:11:28 by "java_re" with unknown MS VC++:1600

time: Thu May 29 21:17:41 2014
elapsed time: 59 seconds

